<?xml version="1.0" encoding="UTF-8"?>
<!-- Generated by org.testng.reporters.JUnitReportReporter -->
<testsuite hostname="Mayur-PC" failures="0" tests="1" name="com.SauceDemo.TestClasses.TC006_VerifyCheckoutFunctionality" time="26.539" errors="0" timestamp="2022-10-04T01:26:06 PDT" skipped="0">
  <testcase classname="com.SauceDemo.TestClasses.TC006_VerifyCheckoutFunctionality" name="checkoutFunctionality" time="26.539"/>
  <system-out/>
</testsuite> <!-- com.SauceDemo.TestClasses.TC006_VerifyCheckoutFunctionality -->
