<?xml version="1.0" encoding="UTF-8"?>
<!-- Generated by org.testng.reporters.JUnitReportReporter -->
<testsuite hostname="Mayur-PC" failures="0" tests="1" name="com.SauceDemo.TestClasses.TC007_VerifyProductBuyingFunctionality" time="14.161" errors="0" timestamp="2022-10-04T01:26:06 PDT" skipped="0">
  <testcase classname="com.SauceDemo.TestClasses.TC007_VerifyProductBuyingFunctionality" name="buyingFunctionality" time="14.161"/>
  <system-out/>
</testsuite> <!-- com.SauceDemo.TestClasses.TC007_VerifyProductBuyingFunctionality -->
